This file contains any messages produced by compilers while
running configure, to aid debugging if configure makes a mistake.

It was created by configure, which was
generated by GNU Autoconf 2.61.  Invocation command line was

  $ ./configure --enable-c-array

## --------- ##
## Platform. ##
## --------- ##

hostname = brian
uname -m = i686
uname -r = 2.6.18-4-vserver-k7
uname -s = Linux
uname -v = #1 SMP Thu May 10 02:18:29 UTC 2007

/usr/bin/uname -p = unknown
/bin/uname -X     = unknown

/bin/arch              = i686
/usr/bin/arch -k       = unknown
/usr/convex/getsysinfo = unknown
/usr/bin/hostinfo      = unknown
/bin/machine           = unknown
/usr/bin/oslevel       = unknown
/bin/universe          = unknown

PATH: /usr/local/bin
PATH: /usr/bin
PATH: /bin
PATH: /usr/bin/X11
PATH: /usr/games


## ----------- ##
## Core tests. ##
## ----------- ##

configure:1922: checking build system type
configure:1940: result: i686-pc-linux-gnu
configure:1962: checking host system type
configure:1977: result: i686-pc-linux-gnu
configure:2093: checking for gcc
configure:2109: found /usr/bin/gcc
configure:2120: result: gcc
configure:2358: checking for C compiler version
configure:2365: gcc --version >&5
gcc (GCC) 3.3.6 (Debian 1:3.3.6-15)
Copyright (C) 2003 Free Software Foundation, Inc.
This is free software; see the source for copying conditions.  There is NO
warranty; not even for MERCHANTABILITY or FITNESS FOR A PARTICULAR PURPOSE.

configure:2368: $? = 0
configure:2375: gcc -v >&5
Reading specs from /usr/lib/gcc-lib/i486-linux-gnu/3.3.6/specs
Configured with: ../src/configure -v --enable-languages=c,c++ --prefix=/usr --mandir=/usr/share/man --infodir=/usr/share/info --with-gxx-include-dir=/usr/include/c++/3.3 --enable-shared --enable-__cxa_atexit --with-system-zlib --enable-nls --without-included-gettext --enable-clocale=gnu --enable-debug i486-linux-gnu
Thread model: posix
gcc version 3.3.6 (Debian 1:3.3.6-15)
configure:2378: $? = 0
configure:2385: gcc -V >&5
gcc: `-V' option must have argument
configure:2388: $? = 1
configure:2411: checking for C compiler default output file name
configure:2438: gcc    conftest.c  >&5
configure:2441: $? = 0
configure:2479: result: a.out
configure:2496: checking whether the C compiler works
configure:2506: ./a.out
configure:2509: $? = 0
configure:2526: result: yes
configure:2533: checking whether we are cross compiling
configure:2535: result: no
configure:2538: checking for suffix of executables
configure:2545: gcc -o conftest    conftest.c  >&5
configure:2548: $? = 0
configure:2572: result: 
configure:2578: checking for suffix of object files
configure:2604: gcc -c   conftest.c >&5
configure:2607: $? = 0
configure:2630: result: o
configure:2634: checking whether we are using the GNU C compiler
configure:2663: gcc -c   conftest.c >&5
configure:2669: $? = 0
configure:2686: result: yes
configure:2691: checking whether gcc accepts -g
configure:2721: gcc -c -g  conftest.c >&5
configure:2727: $? = 0
configure:2826: result: yes
configure:2843: checking for gcc option to accept ISO C89
configure:2917: gcc  -c -g -O2  conftest.c >&5
configure:2923: $? = 0
configure:2946: result: none needed
configure:2965: checking whether gcc and cc understand -c and -o together
configure:3000: gcc -c conftest.c -o conftest2.o >&5
configure:3003: $? = 0
configure:3009: gcc -c conftest.c -o conftest2.o >&5
configure:3012: $? = 0
configure:3023: cc -c conftest.c >&5
configure:3026: $? = 0
configure:3034: cc -c conftest.c -o conftest2.o >&5
configure:3037: $? = 0
configure:3043: cc -c conftest.c -o conftest2.o >&5
configure:3046: $? = 0
configure:3064: result: yes
configure:3079: checking if compiler supports -R
configure:3108: gcc -o conftest -g -O2   conftest.c -R /usr/lib  >&5
gcc: unrecognized option `-R'
/usr/bin/ld: /usr/lib: No such file: File format not recognized
collect2: ld returned 1 exit status
configure:3114: $? = 1
configure: failed program was:
| /* confdefs.h.  */
| #define PACKAGE_NAME ""
| #define PACKAGE_TARNAME ""
| #define PACKAGE_VERSION ""
| #define PACKAGE_STRING ""
| #define PACKAGE_BUGREPORT ""
| /* end confdefs.h.  */
| 
| int
| main ()
| {
| 
|   ;
|   return 0;
| }
configure:3133: result: no
configure:3138: checking if compiler supports -Wl,-rpath,
configure:3167: gcc -o conftest -g -O2   conftest.c -Wl,-rpath,/usr/lib  >&5
configure:3173: $? = 0
configure:3192: result: yes
configure:3238: checking for PHP prefix
configure:3240: result: /usr
configure:3242: checking for PHP includes
configure:3244: result: -I/usr/include/php4 -I/usr/include/php4/main -I/usr/include/php4/Zend -I/usr/include/php4/TSRM
configure:3246: checking for PHP extension directory
configure:3248: result: /usr/lib/php4/20020429
configure:3295: checking for re2c
configure:3323: result: exit 0;
configure:3336: checking for gawk
configure:3366: result: no
configure:3336: checking for mawk
configure:3352: found /usr/bin/mawk
configure:3363: result: mawk
configure:3382: checking whether to enable c-array support
configure:3424: result: yes, shared
configure:3734: checking for a sed that does not truncate output
configure:3788: result: /bin/sed
configure:3791: checking for grep that handles long lines and -e
configure:3865: result: /bin/grep
configure:3870: checking for egrep
configure:3948: result: /bin/grep -E
configure:3964: checking for ld used by gcc
configure:4031: result: /usr/bin/ld
configure:4040: checking if the linker (/usr/bin/ld) is GNU ld
configure:4055: result: yes
configure:4060: checking for /usr/bin/ld option to reload object files
configure:4067: result: -r
configure:4076: checking for BSD-compatible nm
configure:4118: result: /usr/bin/nm -B
configure:4122: checking whether ln -s works
configure:4126: result: yes
configure:4133: checking how to recognise dependent libraries
configure:4307: result: pass_all
configure:4517: checking how to run the C preprocessor
configure:4557: gcc -E  conftest.c
configure:4563: $? = 0
configure:4594: gcc -E  conftest.c
conftest.c:9:28: ac_nonexistent.h: No such file or directory
configure:4600: $? = 1
configure: failed program was:
| /* confdefs.h.  */
| #define PACKAGE_NAME ""
| #define PACKAGE_TARNAME ""
| #define PACKAGE_VERSION ""
| #define PACKAGE_STRING ""
| #define PACKAGE_BUGREPORT ""
| #define COMPILE_DL_C_ARRAY 1
| /* end confdefs.h.  */
| #include <ac_nonexistent.h>
configure:4633: result: gcc -E
configure:4662: gcc -E  conftest.c
configure:4668: $? = 0
configure:4699: gcc -E  conftest.c
conftest.c:9:28: ac_nonexistent.h: No such file or directory
configure:4705: $? = 1
configure: failed program was:
| /* confdefs.h.  */
| #define PACKAGE_NAME ""
| #define PACKAGE_TARNAME ""
| #define PACKAGE_VERSION ""
| #define PACKAGE_STRING ""
| #define PACKAGE_BUGREPORT ""
| #define COMPILE_DL_C_ARRAY 1
| /* end confdefs.h.  */
| #include <ac_nonexistent.h>
configure:4743: checking for ANSI C header files
configure:4773: gcc -c -g -O2  conftest.c >&5
configure:4779: $? = 0
configure:4875: gcc -o conftest -g -O2   conftest.c  >&5
configure:4878: $? = 0
configure:4884: ./conftest
configure:4887: $? = 0
configure:4904: result: yes
configure:4928: checking for sys/types.h
configure:4949: gcc -c -g -O2  conftest.c >&5
configure:4955: $? = 0
configure:4971: result: yes
configure:4928: checking for sys/stat.h
configure:4949: gcc -c -g -O2  conftest.c >&5
configure:4955: $? = 0
configure:4971: result: yes
configure:4928: checking for stdlib.h
configure:4949: gcc -c -g -O2  conftest.c >&5
configure:4955: $? = 0
configure:4971: result: yes
configure:4928: checking for string.h
configure:4949: gcc -c -g -O2  conftest.c >&5
configure:4955: $? = 0
configure:4971: result: yes
configure:4928: checking for memory.h
configure:4949: gcc -c -g -O2  conftest.c >&5
configure:4955: $? = 0
configure:4971: result: yes
configure:4928: checking for strings.h
configure:4949: gcc -c -g -O2  conftest.c >&5
configure:4955: $? = 0
configure:4971: result: yes
configure:4928: checking for inttypes.h
configure:4949: gcc -c -g -O2  conftest.c >&5
configure:4955: $? = 0
configure:4971: result: yes
configure:4928: checking for stdint.h
configure:4949: gcc -c -g -O2  conftest.c >&5
configure:4955: $? = 0
configure:4971: result: yes
configure:4928: checking for unistd.h
configure:4949: gcc -c -g -O2  conftest.c >&5
configure:4955: $? = 0
configure:4971: result: yes
configure:4998: checking dlfcn.h usability
configure:5015: gcc -c -g -O2  conftest.c >&5
configure:5021: $? = 0
configure:5035: result: yes
configure:5039: checking dlfcn.h presence
configure:5054: gcc -E  conftest.c
configure:5060: $? = 0
configure:5074: result: yes
configure:5102: checking for dlfcn.h
configure:5110: result: yes
configure:5181: checking for g++
configure:5197: found /usr/bin/g++
configure:5208: result: g++
configure:5239: checking for C++ compiler version
configure:5246: g++ --version >&5
g++ (GCC) 3.3.6 (Debian 1:3.3.6-15)
Copyright (C) 2003 Free Software Foundation, Inc.
This is free software; see the source for copying conditions.  There is NO
warranty; not even for MERCHANTABILITY or FITNESS FOR A PARTICULAR PURPOSE.

configure:5249: $? = 0
configure:5256: g++ -v >&5
Reading specs from /usr/lib/gcc-lib/i486-linux-gnu/3.3.6/specs
Configured with: ../src/configure -v --enable-languages=c,c++ --prefix=/usr --mandir=/usr/share/man --infodir=/usr/share/info --with-gxx-include-dir=/usr/include/c++/3.3 --enable-shared --enable-__cxa_atexit --with-system-zlib --enable-nls --without-included-gettext --enable-clocale=gnu --enable-debug i486-linux-gnu
Thread model: posix
gcc version 3.3.6 (Debian 1:3.3.6-15)
configure:5259: $? = 0
configure:5266: g++ -V >&5
g++: `-V' option must have argument
configure:5269: $? = 1
configure:5272: checking whether we are using the GNU C++ compiler
configure:5301: g++ -c   conftest.cpp >&5
configure:5307: $? = 0
configure:5324: result: yes
configure:5329: checking whether g++ accepts -g
configure:5359: g++ -c -g  conftest.cpp >&5
configure:5365: $? = 0
configure:5464: result: yes
configure:5492: checking how to run the C++ preprocessor
configure:5528: g++ -E  conftest.cpp
configure:5534: $? = 0
configure:5565: g++ -E  conftest.cpp
conftest.cpp:20:28: ac_nonexistent.h: No such file or directory
configure:5571: $? = 1
configure: failed program was:
| /* confdefs.h.  */
| #define PACKAGE_NAME ""
| #define PACKAGE_TARNAME ""
| #define PACKAGE_VERSION ""
| #define PACKAGE_STRING ""
| #define PACKAGE_BUGREPORT ""
| #define COMPILE_DL_C_ARRAY 1
| #define STDC_HEADERS 1
| #define HAVE_SYS_TYPES_H 1
| #define HAVE_SYS_STAT_H 1
| #define HAVE_STDLIB_H 1
| #define HAVE_STRING_H 1
| #define HAVE_MEMORY_H 1
| #define HAVE_STRINGS_H 1
| #define HAVE_INTTYPES_H 1
| #define HAVE_STDINT_H 1
| #define HAVE_UNISTD_H 1
| #define HAVE_DLFCN_H 1
| /* end confdefs.h.  */
| #include <ac_nonexistent.h>
configure:5604: result: g++ -E
configure:5633: g++ -E  conftest.cpp
configure:5639: $? = 0
configure:5670: g++ -E  conftest.cpp
conftest.cpp:20:28: ac_nonexistent.h: No such file or directory
configure:5676: $? = 1
configure: failed program was:
| /* confdefs.h.  */
| #define PACKAGE_NAME ""
| #define PACKAGE_TARNAME ""
| #define PACKAGE_VERSION ""
| #define PACKAGE_STRING ""
| #define PACKAGE_BUGREPORT ""
| #define COMPILE_DL_C_ARRAY 1
| #define STDC_HEADERS 1
| #define HAVE_SYS_TYPES_H 1
| #define HAVE_SYS_STAT_H 1
| #define HAVE_STDLIB_H 1
| #define HAVE_STRING_H 1
| #define HAVE_MEMORY_H 1
| #define HAVE_STRINGS_H 1
| #define HAVE_INTTYPES_H 1
| #define HAVE_STDINT_H 1
| #define HAVE_UNISTD_H 1
| #define HAVE_DLFCN_H 1
| /* end confdefs.h.  */
| #include <ac_nonexistent.h>
configure:5767: checking for g77
configure:5797: result: no
configure:5767: checking for xlf
configure:5797: result: no
configure:5767: checking for f77
configure:5797: result: no
configure:5767: checking for frt
configure:5797: result: no
configure:5767: checking for pgf77
configure:5797: result: no
configure:5767: checking for cf77
configure:5797: result: no
configure:5767: checking for fort77
configure:5797: result: no
configure:5767: checking for fl32
configure:5797: result: no
configure:5767: checking for af77
configure:5797: result: no
configure:5767: checking for xlf90
configure:5797: result: no
configure:5767: checking for f90
configure:5797: result: no
configure:5767: checking for pgf90
configure:5797: result: no
configure:5767: checking for pghpf
configure:5797: result: no
configure:5767: checking for epcf90
configure:5797: result: no
configure:5767: checking for gfortran
configure:5797: result: no
configure:5767: checking for g95
configure:5797: result: no
configure:5767: checking for xlf95
configure:5797: result: no
configure:5767: checking for f95
configure:5797: result: no
configure:5767: checking for fort
configure:5797: result: no
configure:5767: checking for ifort
configure:5797: result: no
configure:5767: checking for ifc
configure:5797: result: no
configure:5767: checking for efc
configure:5797: result: no
configure:5767: checking for pgf95
configure:5797: result: no
configure:5767: checking for lf95
configure:5797: result: no
configure:5767: checking for ftn
configure:5797: result: no
configure:5824: checking for Fortran 77 compiler version
configure:5831:  --version >&5
./configure: line 1: --version: command not found
configure:5834: $? = 127
configure:5841:  -v >&5
./configure: line 1: -v: command not found
configure:5844: $? = 127
configure:5851:  -V >&5
./configure: line 1: -V: command not found
configure:5854: $? = 127
configure:5862: checking whether we are using the GNU Fortran 77 compiler
configure:5881:  -c  conftest.F >&5
./configure: line 1: -c: command not found
configure:5887: $? = 127
configure: failed program was:
|       program main
| #ifndef __GNUC__
|        choke me
| #endif
| 
|       end
configure:5904: result: no
configure:5910: checking whether  accepts -g
configure:5927:  -c -g conftest.f >&5
./configure: line 1: -c: command not found
configure:5933: $? = 127
configure: failed program was:
|       program main
| 
|       end
configure:5949: result: no
configure:5979: checking the maximum length of command line arguments
configure:6044: result: 32768
configure:6055: checking command to parse /usr/bin/nm -B output from gcc object
configure:6144: gcc -c -g -O2  conftest.c >&5
configure:6147: $? = 0
configure:6151: /usr/bin/nm -B conftest.o \| sed -n -e 's/^.*[ 	]\([ABCDGIRSTW][ABCDGIRSTW]*\)[ 	][ 	]*\(\)\([_A-Za-z][_A-Za-z0-9]*\)$/\1 \2\3 \3/p' \> conftest.nm
configure:6154: $? = 0
configure:6206: gcc -o conftest -g -O2   conftest.c conftstm.o >&5
configure:6209: $? = 0
configure:6247: result: ok
configure:6251: checking for objdir
configure:6266: result: .libs
configure:6358: checking for ar
configure:6374: found /usr/bin/ar
configure:6385: result: ar
configure:6454: checking for ranlib
configure:6470: found /usr/bin/ranlib
configure:6481: result: ranlib
configure:6550: checking for strip
configure:6566: found /usr/bin/strip
configure:6577: result: strip
configure:6853: checking if gcc static flag  works
configure:6876: result: yes
configure:6894: checking if gcc supports -fno-rtti -fno-exceptions
configure:6915: gcc -c -g -O2  -fno-rtti -fno-exceptions conftest.c >&5
cc1: warning: "-fno-rtti" is valid for C++ but not for C/ObjC
configure:6919: $? = 0
configure:6927: result: no
configure:6942: checking for gcc option to produce PIC
configure:7119: result: -fPIC
configure:7127: checking if gcc PIC flag -fPIC works
configure:7148: gcc -c -g -O2  -fPIC -DPIC conftest.c >&5
configure:7152: $? = 0
configure:7160: result: yes
configure:7184: checking if gcc supports -c -o file.o
configure:7208: gcc -c -g -O2  -o out/conftest2.o conftest.c >&5
configure:7212: $? = 0
configure:7229: result: yes
configure:7255: checking whether the gcc linker (/usr/bin/ld) supports shared libraries
configure:8100: result: yes
configure:8126: checking whether -lc should be explicitly linked in
configure:8131: gcc -c -g -O2  conftest.c >&5
configure:8134: $? = 0
configure:8148: gcc -shared conftest.o  -v -Wl,-soname -Wl,conftest -o conftest 2\>\&1 \| grep  -lc  \>/dev/null 2\>\&1
configure:8151: $? = 0
configure:8163: result: no
configure:8171: checking dynamic linker characteristics
configure:8723: result: GNU/Linux ld.so
configure:8727: checking how to hardcode library paths into programs
configure:8752: result: immediate
configure:8766: checking whether stripping libraries is possible
configure:8771: result: yes
configure:9568: checking if libtool supports shared libraries
configure:9570: result: yes
configure:9573: checking whether to build shared libraries
configure:9631: result: yes
configure:9634: checking whether to build static libraries
configure:9638: result: no
configure:9730: creating libtool
configure:10277: checking for ld used by g++
configure:10344: result: /usr/bin/ld
configure:10353: checking if the linker (/usr/bin/ld) is GNU ld
configure:10368: result: yes
configure:10419: checking whether the g++ linker (/usr/bin/ld) supports shared libraries
configure:11243: result: yes
configure:11261: g++ -c -g -O2  conftest.cc >&5
configure:11264: $? = 0
configure:11360: checking for g++ option to produce PIC
configure:11612: result: -fPIC
configure:11620: checking if g++ PIC flag -fPIC works
configure:11641: g++ -c -g -O2  -fPIC -DPIC conftest.cc >&5
configure:11645: $? = 0
configure:11653: result: yes
configure:11677: checking if g++ supports -c -o file.o
configure:11701: g++ -c -g -O2  -o out/conftest2.o conftest.cc >&5
configure:11705: $? = 0
configure:11722: result: yes
configure:11748: checking whether the g++ linker (/usr/bin/ld) supports shared libraries
configure:11776: result: yes
configure:11847: checking dynamic linker characteristics
configure:12399: result: GNU/Linux ld.so
configure:12403: checking how to hardcode library paths into programs
configure:12428: result: immediate
configure:12442: checking whether stripping libraries is possible
configure:12447: result: yes
configure:19858: creating ./config.status

## ---------------------- ##
## Running config.status. ##
## ---------------------- ##

This file was extended by config.status, which was
generated by GNU Autoconf 2.61.  Invocation command line was

  CONFIG_FILES    = 
  CONFIG_HEADERS  = 
  CONFIG_LINKS    = 
  CONFIG_COMMANDS = 
  $ ./config.status 

on brian

config.status:515: creating config.h

## ---------------- ##
## Cache variables. ##
## ---------------- ##

ac_cv_build=i686-pc-linux-gnu
ac_cv_c_compiler_gnu=yes
ac_cv_cxx_compiler_gnu=yes
ac_cv_env_CCC_set=
ac_cv_env_CCC_value=
ac_cv_env_CC_set=
ac_cv_env_CC_value=
ac_cv_env_CFLAGS_set=
ac_cv_env_CFLAGS_value=
ac_cv_env_CPPFLAGS_set=
ac_cv_env_CPPFLAGS_value=
ac_cv_env_CPP_set=
ac_cv_env_CPP_value=
ac_cv_env_CXXCPP_set=
ac_cv_env_CXXCPP_value=
ac_cv_env_CXXFLAGS_set=
ac_cv_env_CXXFLAGS_value=
ac_cv_env_CXX_set=
ac_cv_env_CXX_value=
ac_cv_env_F77_set=
ac_cv_env_F77_value=
ac_cv_env_FFLAGS_set=
ac_cv_env_FFLAGS_value=
ac_cv_env_LDFLAGS_set=
ac_cv_env_LDFLAGS_value=
ac_cv_env_LIBS_set=
ac_cv_env_LIBS_value=
ac_cv_env_build_alias_set=
ac_cv_env_build_alias_value=
ac_cv_env_host_alias_set=
ac_cv_env_host_alias_value=
ac_cv_env_target_alias_set=
ac_cv_env_target_alias_value=
ac_cv_f77_compiler_gnu=no
ac_cv_header_dlfcn_h=yes
ac_cv_header_inttypes_h=yes
ac_cv_header_memory_h=yes
ac_cv_header_stdc=yes
ac_cv_header_stdint_h=yes
ac_cv_header_stdlib_h=yes
ac_cv_header_string_h=yes
ac_cv_header_strings_h=yes
ac_cv_header_sys_stat_h=yes
ac_cv_header_sys_types_h=yes
ac_cv_header_unistd_h=yes
ac_cv_host=i686-pc-linux-gnu
ac_cv_objext=o
ac_cv_path_EGREP='/bin/grep -E'
ac_cv_path_GREP=/bin/grep
ac_cv_prog_AWK=mawk
ac_cv_prog_CPP='gcc -E'
ac_cv_prog_CXXCPP='g++ -E'
ac_cv_prog_RE2C='exit 0;'
ac_cv_prog_ac_ct_AR=ar
ac_cv_prog_ac_ct_CC=gcc
ac_cv_prog_ac_ct_CXX=g++
ac_cv_prog_ac_ct_RANLIB=ranlib
ac_cv_prog_ac_ct_STRIP=strip
ac_cv_prog_cc_c89=
ac_cv_prog_cc_g=yes
ac_cv_prog_cc_gcc_c_o=yes
ac_cv_prog_cxx_g=yes
ac_cv_prog_f77_g=no
lt_cv_deplibs_check_method=pass_all
lt_cv_file_magic_cmd='$MAGIC_CMD'
lt_cv_file_magic_test_file=
lt_cv_ld_reload_flag=-r
lt_cv_objdir=.libs
lt_cv_path_LD=/usr/bin/ld
lt_cv_path_LDCXX=/usr/bin/ld
lt_cv_path_NM='/usr/bin/nm -B'
lt_cv_path_SED=/bin/sed
lt_cv_prog_compiler_c_o=yes
lt_cv_prog_compiler_c_o_CXX=yes
lt_cv_prog_compiler_rtti_exceptions=no
lt_cv_prog_gnu_ld=yes
lt_cv_prog_gnu_ldcxx=yes
lt_cv_sys_global_symbol_pipe='sed -n -e '\''s/^.*[ 	]\([ABCDGIRSTW][ABCDGIRSTW]*\)[ 	][ 	]*\(\)\([_A-Za-z][_A-Za-z0-9]*\)$/\1 \2\3 \3/p'\'''
lt_cv_sys_global_symbol_to_c_name_address='sed -n -e '\''s/^: \([^ ]*\) $/  {\"\1\", (lt_ptr) 0},/p'\'' -e '\''s/^[BCDEGRST] \([^ ]*\) \([^ ]*\)$/  {"\2", (lt_ptr) \&\2},/p'\'''
lt_cv_sys_global_symbol_to_cdecl='sed -n -e '\''s/^. .* \(.*\)$/extern int \1;/p'\'''
lt_cv_sys_max_cmd_len=32768
lt_lt_cv_prog_compiler_c_o='"yes"'
lt_lt_cv_prog_compiler_c_o_CXX='"yes"'
lt_lt_cv_sys_global_symbol_pipe='"sed -n -e '\''s/^.*[ 	]\\([ABCDGIRSTW][ABCDGIRSTW]*\\)[ 	][ 	]*\\(\\)\\([_A-Za-z][_A-Za-z0-9]*\\)\$/\\1 \\2\\3 \\3/p'\''"'
lt_lt_cv_sys_global_symbol_to_c_name_address='"sed -n -e '\''s/^: \\([^ ]*\\) \$/  {\\\"\\1\\\", (lt_ptr) 0},/p'\'' -e '\''s/^[BCDEGRST] \\([^ ]*\\) \\([^ ]*\\)\$/  {\"\\2\", (lt_ptr) \\&\\2},/p'\''"'
lt_lt_cv_sys_global_symbol_to_cdecl='"sed -n -e '\''s/^. .* \\(.*\\)\$/extern int \\1;/p'\''"'
php_cv_cc_dashr=no
php_cv_cc_rpath=yes

## ----------------- ##
## Output variables. ##
## ----------------- ##

AR='ar'
AWK='mawk'
CC='gcc'
CFLAGS='-g -O2'
CPP='gcc -E'
CPPFLAGS=' -DHAVE_CONFIG_H'
CXX='g++'
CXXCPP='g++ -E'
CXXFLAGS='-g -O2'
DEFS='-DHAVE_CONFIG_H'
ECHO='echo'
ECHO_C=''
ECHO_N='-n'
ECHO_T=''
EGREP='/bin/grep -E'
EXEEXT=''
F77=''
FFLAGS=''
GREP='/bin/grep'
LDFLAGS=''
LIBOBJS=''
LIBS=''
LIBTOOL='$(SHELL) $(top_builddir)/libtool'
LN_S='ln -s'
LTLIBOBJS=''
OBJEXT='o'
PACKAGE_BUGREPORT=''
PACKAGE_NAME=''
PACKAGE_STRING=''
PACKAGE_TARNAME=''
PACKAGE_VERSION=''
PATH_SEPARATOR=':'
RANLIB='ranlib'
RE2C='exit 0;'
SHELL='/bin/sh'
STRIP='strip'
ac_ct_CC='gcc'
ac_ct_CXX='g++'
ac_ct_F77=''
bindir='${exec_prefix}/bin'
build='i686-pc-linux-gnu'
build_alias=''
build_cpu='i686'
build_os='linux-gnu'
build_vendor='pc'
datadir='${datarootdir}'
datarootdir='${prefix}/share'
docdir='${datarootdir}/doc/${PACKAGE}'
dvidir='${docdir}'
exec_prefix='$(prefix)'
host='i686-pc-linux-gnu'
host_alias='i686-pc-linux-gnu'
host_cpu='i686'
host_os='linux-gnu'
host_vendor='pc'
htmldir='${docdir}'
includedir='${prefix}/include'
infodir='${datarootdir}/info'
libdir='${exec_prefix}/lib'
libexecdir='${exec_prefix}/libexec'
localedir='${datarootdir}/locale'
localstatedir='${prefix}/var'
mandir='${datarootdir}/man'
oldincludedir='/usr/include'
pdfdir='${docdir}'
prefix='/usr'
program_transform_name='s,x,x,'
psdir='${docdir}'
sbindir='${exec_prefix}/sbin'
sharedstatedir='${prefix}/com'
sysconfdir='${prefix}/etc'
target_alias=''

## ----------- ##
## confdefs.h. ##
## ----------- ##

#define PACKAGE_NAME ""
#define PACKAGE_TARNAME ""
#define PACKAGE_VERSION ""
#define PACKAGE_STRING ""
#define PACKAGE_BUGREPORT ""
#define COMPILE_DL_C_ARRAY 1
#define STDC_HEADERS 1
#define HAVE_SYS_TYPES_H 1
#define HAVE_SYS_STAT_H 1
#define HAVE_STDLIB_H 1
#define HAVE_STRING_H 1
#define HAVE_MEMORY_H 1
#define HAVE_STRINGS_H 1
#define HAVE_INTTYPES_H 1
#define HAVE_STDINT_H 1
#define HAVE_UNISTD_H 1
#define HAVE_DLFCN_H 1

configure: exit 0
